<?xml version='1.0'?>
<ns2:test-suite xmlns:ns2='urn:model.allure.qatools.yandex.ru' start='1585559604149' stop='1585559649063'>
    <name>login page feature test</name>
    <title>login page feature test</title>
    <test-cases>
        <test-case start='1585559604150' status='failed' stop='1585559611367'>
            <name>verify login page title</name>
            <title>verify login page title</title>
            <labels>
                <label name='language' value='javascript'/>
                <label name='framework' value='wdio'/>
                <label name='thread' value='0-0'/>
            </labels>
            <parameters>
                <parameter kind='argument' name='browser' value='Chrome-10.0.18362'/>
            </parameters>
            <steps>
                <step start='1585559605767' status='passed' stop='1585559610821'>
                    <name>undefined undefined</name>
                    <title>undefined undefined</title>
                    <attachments/>
                    <steps/>
                </step>
                <step start='1585559610978' status='passed' stop='1585559611365'>
                    <name>undefined undefined</name>
                    <title>undefined undefined</title>
                    <attachments/>
                    <steps/>
                </step>
            </steps>
            <attachments/>
            <failure>
                <message>title is not found: expected 'Hubspot Login' to equal [Function: getPageTitle]</message>
                <stack-trace>AssertionError: title is not found: expected 'Hubspot Login' to equal [Function: getPageTitle]
                    at Context.&lt;anonymous> (G:\javascript automation\New folder\wdio-test-framework\src\test\specs\login.test.js:12:16)
                    at Context.executeSync (G:\javascript automation\New folder\wdio-test-framework\node_modules\@wdio\sync\build\index.js:56:18)
                    at G:\javascript automation\New folder\wdio-test-framework\node_modules\@wdio\sync\build\index.js:82:70</stack-trace>
            </failure>
        </test-case>
        <test-case start='1585559611368' status='broken' stop='1585559648689'>
            <name>verify sign up link</name>
            <title>verify sign up link</title>
            <labels>
                <label name='language' value='javascript'/>
                <label name='framework' value='wdio'/>
                <label name='thread' value='0-0'/>
            </labels>
            <parameters>
                <parameter kind='argument' name='browser' value='Chrome-10.0.18362'/>
            </parameters>
            <steps>
                <step start='1585559611372' status='passed' stop='1585559611383'>
                    <name>undefined undefined</name>
                    <title>undefined undefined</title>
                    <attachments/>
                    <steps/>
                </step>
                <step start='1585559611407' status='passed' stop='1585559611414'>
                    <name>undefined undefined</name>
                    <title>undefined undefined</title>
                    <attachments/>
                    <steps/>
                </step>
                <step start='1585559611900' status='passed' stop='1585559611906'>
                    <name>undefined undefined</name>
                    <title>undefined undefined</title>
                    <attachments/>
                    <steps/>
                </step>
                <step start='1585559612397' status='passed' stop='1585559612401'>
                    <name>undefined undefined</name>
                    <title>undefined undefined</title>
                    <attachments/>
                    <steps/>
                </step>
                <step start='1585559612898' status='passed' stop='1585559612902'>
                    <name>undefined undefined</name>
                    <title>undefined undefined</title>
                    <attachments/>
                    <steps/>
                </step>
                <step start='1585559613398' status='passed' stop='1585559613403'>
                    <name>undefined undefined</name>
                    <title>undefined undefined</title>
                    <attachments/>
                    <steps/>
                </step>
                <step start='1585559613898' status='passed' stop='1585559613901'>
                    <name>undefined undefined</name>
                    <title>undefined undefined</title>
                    <attachments/>
                    <steps/>
                </step>
                <step start='1585559618229' status='passed' stop='1585559618234'>
                    <name>undefined undefined</name>
                    <title>undefined undefined</title>
                    <attachments/>
                    <steps/>
                </step>
                <step start='1585559618240' status='passed' stop='1585559618244'>
                    <name>undefined undefined</name>
                    <title>undefined undefined</title>
                    <attachments/>
                    <steps/>
                </step>
                <step start='1585559618251' status='passed' stop='1585559618256'>
                    <name>undefined undefined</name>
                    <title>undefined undefined</title>
                    <attachments/>
                    <steps/>
                </step>
                <step start='1585559618263' status='passed' stop='1585559618266'>
                    <name>undefined undefined</name>
                    <title>undefined undefined</title>
                    <attachments/>
                    <steps/>
                </step>
                <step start='1585559618271' status='passed' stop='1585559618274'>
                    <name>undefined undefined</name>
                    <title>undefined undefined</title>
                    <attachments/>
                    <steps/>
                </step>
                <step start='1585559618280' status='passed' stop='1585559618285'>
                    <name>undefined undefined</name>
                    <title>undefined undefined</title>
                    <attachments/>
                    <steps/>
                </step>
                <step start='1585559618300' status='passed' stop='1585559618304'>
                    <name>undefined undefined</name>
                    <title>undefined undefined</title>
                    <attachments/>
                    <steps/>
                </step>
                <step start='1585559618313' status='passed' stop='1585559618317'>
                    <name>undefined undefined</name>
                    <title>undefined undefined</title>
                    <attachments/>
                    <steps/>
                </step>
                <step start='1585559618398' status='passed' stop='1585559618400'>
                    <name>undefined undefined</name>
                    <title>undefined undefined</title>
                    <attachments/>
                    <steps/>
                </step>
                <step start='1585559618897' status='passed' stop='1585559618901'>
                    <name>undefined undefined</name>
                    <title>undefined undefined</title>
                    <attachments/>
                    <steps/>
                </step>
                <step start='1585559619395' status='passed' stop='1585559619399'>
                    <name>undefined undefined</name>
                    <title>undefined undefined</title>
                    <attachments/>
                    <steps/>
                </step>
                <step start='1585559619897' status='passed' stop='1585559619900'>
                    <name>undefined undefined</name>
                    <title>undefined undefined</title>
                    <attachments/>
                    <steps/>
                </step>
                <step start='1585559620395' status='passed' stop='1585559620399'>
                    <name>undefined undefined</name>
                    <title>undefined undefined</title>
                    <attachments/>
                    <steps/>
                </step>
                <step start='1585559620897' status='passed' stop='1585559620900'>
                    <name>undefined undefined</name>
                    <title>undefined undefined</title>
                    <attachments/>
                    <steps/>
                </step>
                <step start='1585559648202' status='passed' stop='1585559648685'>
                    <name>undefined undefined</name>
                    <title>undefined undefined</title>
                    <attachments/>
                    <steps>
                        <step start='1585559648256' status='passed' stop='1585559648354'>
                            <name>undefined undefined</name>
                            <title>undefined undefined</title>
                            <attachments/>
                            <steps/>
                        </step>
                        <step start='1585559648367' status='passed' stop='1585559648381'>
                            <name>undefined undefined</name>
                            <title>undefined undefined</title>
                            <attachments/>
                            <steps/>
                        </step>
                    </steps>
                </step>
            </steps>
            <attachments/>
            <failure>
                <message>element ("=Sign up") still not displayed after 10000ms</message>
                <stack-trace>Error: element ("=Sign up") still not displayed after 10000ms
                    at G:\javascript automation\New folder\wdio-test-framework\node_modules\webdriverio\build\commands\browser\waitUntil.js:34:15
                    at async Element.elementErrorHandlerCallbackFn (G:\javascript automation\New folder\wdio-test-framework\node_modules\webdriverio\build\middlewares.js:21:24)
                    at async Element.runCommandWithHooks (G:\javascript automation\New folder\wdio-test-framework\node_modules\@wdio\sync\build\wrapCommand.js:88:21)
                    at Element.runCommandWithHooks (G:\javascript automation\New folder\wdio-test-framework\node_modules\@wdio\sync\build\wrapCommand.js:82:22)
                    at Element.wrapCommandFn (G:\javascript automation\New folder\wdio-test-framework\node_modules\@wdio\sync\build\wrapCommand.js:59:40)
                    at Element.elementErrorHandlerCallback (G:\javascript automation\New folder\wdio-test-framework\node_modules\webdriverio\build\middlewares.js:40:8)
                    at Element.waitForDisplayed (G:\javascript automation\New folder\wdio-test-framework\node_modules\webdriverio\build\commands\element\waitForDisplayed.js:14:15)
                    at Element.wrapCommandFn (G:\javascript automation\New folder\wdio-test-framework\node_modules\@wdio\sync\build\wrapCommand.js:54:17)
                    at Element.elementErrorHandlerCallbackFn (G:\javascript automation\New folder\wdio-test-framework\node_modules\webdriverio\build\middlewares.js:21:57)
                    at processTicksAndRejections (internal/process/task_queues.js:97:5)
                    at ElementUtil.doIsDisplayed (G:\javascript automation\New folder\wdio-test-framework\util\elementUtil.js:22:17)
                    at LoginPage.doesSignUpLinkExist (G:\javascript automation\New folder\wdio-test-framework\src\pages\login.page.js:12:28)
                    at Context.&lt;anonymous> (G:\javascript automation\New folder\wdio-test-framework\src\test\specs\login.test.js:15:38)
                    at Context.executeSync (G:\javascript automation\New folder\wdio-test-framework\node_modules\@wdio\sync\build\index.js:56:18)
                    at G:\javascript automation\New folder\wdio-test-framework\node_modules\@wdio\sync\build\index.js:82:70</stack-trace>
            </failure>
        </test-case>
        <test-case start='1585559648693' status='broken' stop='1585559649062'>
            <name>verify login</name>
            <title>verify login</title>
            <labels>
                <label name='language' value='javascript'/>
                <label name='framework' value='wdio'/>
                <label name='thread' value='0-0'/>
            </labels>
            <parameters>
                <parameter kind='argument' name='browser' value='Chrome-10.0.18362'/>
            </parameters>
            <steps>
                <step start='1585559648700' status='passed' stop='1585559648702'>
                    <name>undefined undefined</name>
                    <title>undefined undefined</title>
                    <attachments/>
                    <steps/>
                </step>
                <step start='1585559648709' status='passed' stop='1585559648715'>
                    <name>undefined undefined</name>
                    <title>undefined undefined</title>
                    <attachments/>
                    <steps/>
                </step>
                <step start='1585559648718' status='passed' stop='1585559649061'>
                    <name>undefined undefined</name>
                    <title>undefined undefined</title>
                    <attachments/>
                    <steps/>
                </step>
            </steps>
            <attachments/>
            <failure>
                <message>value is not defined</message>
                <stack-trace>ReferenceError: value is not defined
                    at ElementUtil.doSetValue (G:\javascript automation\New folder\wdio-test-framework\util\elementUtil.js:9:26)
                    at LoginPage.doLogin (G:\javascript automation\New folder\wdio-test-framework\src\pages\login.page.js:16:21)
                    at Context.&lt;anonymous> (G:\javascript automation\New folder\wdio-test-framework\src\test\specs\login.test.js:18:19)
                    at Context.executeSync (G:\javascript automation\New folder\wdio-test-framework\node_modules\@wdio\sync\build\index.js:56:18)
                    at G:\javascript automation\New folder\wdio-test-framework\node_modules\@wdio\sync\build\index.js:82:70</stack-trace>
            </failure>
        </test-case>
    </test-cases>
</ns2:test-suite>