<?xml version='1.0'?>
<ns2:test-suite xmlns:ns2='urn:model.allure.qatools.yandex.ru' start='1586252703933' stop='1586252732676'>
    <name>login page feature test</name>
    <title>login page feature test</title>
    <test-cases>
        <test-case start='1586252703933' status='broken' stop='1586252726328'>
            <name>verify login page title</name>
            <title>verify login page title</title>
            <labels>
                <label name='language' value='javascript'/>
                <label name='framework' value='wdio'/>
                <label name='thread' value='0-1'/>
            </labels>
            <parameters>
                <parameter kind='argument' name='browser' value='Chrome-10.0.18362'/>
            </parameters>
            <steps>
                <step start='1586252704275' status='passed' stop='1586252712646'>
                    <name>undefined undefined</name>
                    <title>undefined undefined</title>
                    <attachments/>
                    <steps/>
                </step>
                <step start='1586252712662' status='passed' stop='1586252712665'>
                    <name>undefined undefined</name>
                    <title>undefined undefined</title>
                    <attachments/>
                    <steps/>
                </step>
                <step start='1586252713160' status='passed' stop='1586252713162'>
                    <name>undefined undefined</name>
                    <title>undefined undefined</title>
                    <attachments/>
                    <steps/>
                </step>
                <step start='1586252713654' status='passed' stop='1586252713655'>
                    <name>undefined undefined</name>
                    <title>undefined undefined</title>
                    <attachments/>
                    <steps/>
                </step>
                <step start='1586252715035' status='passed' stop='1586252715039'>
                    <name>undefined undefined</name>
                    <title>undefined undefined</title>
                    <attachments/>
                    <steps/>
                </step>
                <step start='1586252715095' status='passed' stop='1586252715111'>
                    <name>undefined undefined</name>
                    <title>undefined undefined</title>
                    <attachments/>
                    <steps/>
                </step>
                <step start='1586252715156' status='passed' stop='1586252715157'>
                    <name>undefined undefined</name>
                    <title>undefined undefined</title>
                    <attachments/>
                    <steps/>
                </step>
                <step start='1586252715655' status='passed' stop='1586252715658'>
                    <name>undefined undefined</name>
                    <title>undefined undefined</title>
                    <attachments/>
                    <steps/>
                </step>
                <step start='1586252716152' status='passed' stop='1586252716154'>
                    <name>undefined undefined</name>
                    <title>undefined undefined</title>
                    <attachments/>
                    <steps/>
                </step>
                <step start='1586252716652' status='passed' stop='1586252716653'>
                    <name>undefined undefined</name>
                    <title>undefined undefined</title>
                    <attachments/>
                    <steps/>
                </step>
                <step start='1586252717153' status='passed' stop='1586252717154'>
                    <name>undefined undefined</name>
                    <title>undefined undefined</title>
                    <attachments/>
                    <steps/>
                </step>
                <step start='1586252717653' status='passed' stop='1586252717655'>
                    <name>undefined undefined</name>
                    <title>undefined undefined</title>
                    <attachments/>
                    <steps/>
                </step>
                <step start='1586252725784' status='passed' stop='1586252726325'>
                    <name>undefined undefined</name>
                    <title>undefined undefined</title>
                    <attachments/>
                    <steps>
                        <step start='1586252725786' status='passed' stop='1586252725795'>
                            <name>undefined undefined</name>
                            <title>undefined undefined</title>
                            <attachments/>
                            <steps/>
                        </step>
                    </steps>
                </step>
            </steps>
            <attachments/>
            <failure>
                <message>waitUntil condition timed out after 10000ms</message>
                <stack-trace>Error: waitUntil condition timed out after 10000ms
                    at G:\javascript automation\wdio-test-framework\node_modules\webdriverio\build\commands\browser\waitUntil.js:37:13
                    at async Browser.runCommandWithHooks (G:\javascript automation\wdio-test-framework\node_modules\@wdio\sync\build\wrapCommand.js:88:21)
                    at Browser.runCommandWithHooks (G:\javascript automation\wdio-test-framework\node_modules\@wdio\sync\build\wrapCommand.js:82:22)
                    at Browser.wrapCommandFn (G:\javascript automation\wdio-test-framework\node_modules\@wdio\sync\build\wrapCommand.js:59:40)
                    at ElementUtil.doGetPageTitle (G:\javascript automation\wdio-test-framework\util\element.util.js:25:17)
                    at LoginPage.getPageTitle (G:\javascript automation\wdio-test-framework\src\pages\login.page.js:9:28)
                    at Context.&lt;anonymous> (G:\javascript automation\wdio-test-framework\src\test\specs\login.test.js:15:33)
                    at Context.executeSync (G:\javascript automation\wdio-test-framework\node_modules\@wdio\sync\build\index.js:56:18)
                    at G:\javascript automation\wdio-test-framework\node_modules\@wdio\sync\build\index.js:82:70</stack-trace>
            </failure>
        </test-case>
        <test-case start='1586252726328' status='broken' stop='1586252728346'>
            <name>verify sign up link</name>
            <title>verify sign up link</title>
            <labels>
                <label name='language' value='javascript'/>
                <label name='framework' value='wdio'/>
                <label name='thread' value='0-1'/>
            </labels>
            <parameters>
                <parameter kind='argument' name='browser' value='Chrome-10.0.18362'/>
            </parameters>
            <steps>
                <step start='1586252726341' status='passed' stop='1586252727993'>
                    <name>undefined undefined</name>
                    <title>undefined undefined</title>
                    <attachments/>
                    <steps/>
                </step>
                <step start='1586252727998' status='passed' stop='1586252728345'>
                    <name>undefined undefined</name>
                    <title>undefined undefined</title>
                    <attachments/>
                    <steps/>
                </step>
            </steps>
            <attachments/>
            <failure>
                <message>assert is not defined</message>
                <stack-trace>ReferenceError: assert is not defined
                    at Context.&lt;anonymous> (G:\javascript automation\wdio-test-framework\src\test\specs\login.test.js:22:9)
                    at Context.executeSync (G:\javascript automation\wdio-test-framework\node_modules\@wdio\sync\build\index.js:56:18)
                    at G:\javascript automation\wdio-test-framework\node_modules\@wdio\sync\build\index.js:82:70</stack-trace>
            </failure>
        </test-case>
        <test-case start='1586252728346' status='passed' stop='1586252732576'>
            <name>verify login</name>
            <title>verify login</title>
            <labels>
                <label name='language' value='javascript'/>
                <label name='framework' value='wdio'/>
                <label name='thread' value='0-1'/>
            </labels>
            <parameters>
                <parameter kind='argument' name='browser' value='Chrome-10.0.18362'/>
            </parameters>
            <steps>
                <step start='1586252729495' status='passed' stop='1586252730231'>
                    <name>undefined undefined</name>
                    <title>undefined undefined</title>
                    <attachments/>
                    <steps/>
                </step>
                <step start='1586252730241' status='passed' stop='1586252730247'>
                    <name>undefined undefined</name>
                    <title>undefined undefined</title>
                    <attachments/>
                    <steps/>
                </step>
                <step start='1586252730261' status='passed' stop='1586252730263'>
                    <name>undefined undefined</name>
                    <title>undefined undefined</title>
                    <attachments/>
                    <steps/>
                </step>
                <step start='1586252731687' status='passed' stop='1586252731729'>
                    <name>undefined undefined</name>
                    <title>undefined undefined</title>
                    <attachments/>
                    <steps/>
                </step>
                <step start='1586252731750' status='passed' stop='1586252731773'>
                    <name>undefined undefined</name>
                    <title>undefined undefined</title>
                    <attachments/>
                    <steps/>
                </step>
                <step start='1586252731776' status='passed' stop='1586252731787'>
                    <name>undefined undefined</name>
                    <title>undefined undefined</title>
                    <attachments/>
                    <steps/>
                </step>
                <step start='1586252731796' status='passed' stop='1586252732232'>
                    <name>undefined undefined</name>
                    <title>undefined undefined</title>
                    <attachments/>
                    <steps/>
                </step>
                <step start='1586252732238' status='passed' stop='1586252732240'>
                    <name>undefined undefined</name>
                    <title>undefined undefined</title>
                    <attachments/>
                    <steps/>
                </step>
                <step start='1586252732248' status='passed' stop='1586252732257'>
                    <name>undefined undefined</name>
                    <title>undefined undefined</title>
                    <attachments/>
                    <steps/>
                </step>
                <step start='1586252732262' status='passed' stop='1586252732265'>
                    <name>undefined undefined</name>
                    <title>undefined undefined</title>
                    <attachments/>
                    <steps/>
                </step>
                <step start='1586252732271' status='passed' stop='1586252732458'>
                    <name>undefined undefined</name>
                    <title>undefined undefined</title>
                    <attachments/>
                    <steps/>
                </step>
                <step start='1586252732461' status='passed' stop='1586252732462'>
                    <name>undefined undefined</name>
                    <title>undefined undefined</title>
                    <attachments/>
                    <steps/>
                </step>
                <step start='1586252732471' status='passed' stop='1586252732479'>
                    <name>undefined undefined</name>
                    <title>undefined undefined</title>
                    <attachments/>
                    <steps/>
                </step>
                <step start='1586252732490' status='passed' stop='1586252732576'>
                    <name>undefined undefined</name>
                    <title>undefined undefined</title>
                    <attachments/>
                    <steps/>
                </step>
            </steps>
            <attachments/>
        </test-case>
        <test-case start='1586252732577' status='passed' stop='1586252732675'>
            <name>get data from sheet</name>
            <title>get data from sheet</title>
            <labels>
                <label name='language' value='javascript'/>
                <label name='framework' value='wdio'/>
                <label name='thread' value='0-1'/>
            </labels>
            <parameters>
                <parameter kind='argument' name='browser' value='Chrome-10.0.18362'/>
            </parameters>
            <steps/>
            <attachments/>
        </test-case>
    </test-cases>
</ns2:test-suite>