<?xml version='1.0'?>
<ns2:test-suite xmlns:ns2='urn:model.allure.qatools.yandex.ru' start='1586252768749' stop='1586252789516'>
    <name>login page feature test</name>
    <title>login page feature test</title>
    <test-cases>
        <test-case start='1586252768749' status='broken' stop='1586252786401'>
            <name>verify login page title</name>
            <title>verify login page title</title>
            <labels>
                <label name='language' value='javascript'/>
                <label name='framework' value='wdio'/>
                <label name='thread' value='0-1'/>
            </labels>
            <parameters>
                <parameter kind='argument' name='browser' value='Chrome-10.0.18362'/>
            </parameters>
            <steps>
                <step start='1586252768817' status='passed' stop='1586252773859'>
                    <name>undefined undefined</name>
                    <title>undefined undefined</title>
                    <attachments/>
                    <steps/>
                </step>
                <step start='1586252773877' status='passed' stop='1586252773879'>
                    <name>undefined undefined</name>
                    <title>undefined undefined</title>
                    <attachments/>
                    <steps/>
                </step>
                <step start='1586252774367' status='passed' stop='1586252774369'>
                    <name>undefined undefined</name>
                    <title>undefined undefined</title>
                    <attachments/>
                    <steps/>
                </step>
                <step start='1586252775032' status='passed' stop='1586252775034'>
                    <name>undefined undefined</name>
                    <title>undefined undefined</title>
                    <attachments/>
                    <steps/>
                </step>
                <step start='1586252775364' status='passed' stop='1586252775365'>
                    <name>undefined undefined</name>
                    <title>undefined undefined</title>
                    <attachments/>
                    <steps/>
                </step>
                <step start='1586252775866' status='passed' stop='1586252775867'>
                    <name>undefined undefined</name>
                    <title>undefined undefined</title>
                    <attachments/>
                    <steps/>
                </step>
                <step start='1586252776365' status='passed' stop='1586252776366'>
                    <name>undefined undefined</name>
                    <title>undefined undefined</title>
                    <attachments/>
                    <steps/>
                </step>
                <step start='1586252776865' status='passed' stop='1586252776866'>
                    <name>undefined undefined</name>
                    <title>undefined undefined</title>
                    <attachments/>
                    <steps/>
                </step>
                <step start='1586252777365' status='passed' stop='1586252777366'>
                    <name>undefined undefined</name>
                    <title>undefined undefined</title>
                    <attachments/>
                    <steps/>
                </step>
                <step start='1586252777873' status='passed' stop='1586252777876'>
                    <name>undefined undefined</name>
                    <title>undefined undefined</title>
                    <attachments/>
                    <steps/>
                </step>
                <step start='1586252778365' status='passed' stop='1586252778366'>
                    <name>undefined undefined</name>
                    <title>undefined undefined</title>
                    <attachments/>
                    <steps/>
                </step>
                <step start='1586252778866' status='passed' stop='1586252778867'>
                    <name>undefined undefined</name>
                    <title>undefined undefined</title>
                    <attachments/>
                    <steps/>
                </step>
                <step start='1586252785585' status='passed' stop='1586252785608'>
                    <name>undefined undefined</name>
                    <title>undefined undefined</title>
                    <attachments/>
                    <steps/>
                </step>
                <step start='1586252785609' status='passed' stop='1586252786399'>
                    <name>undefined undefined</name>
                    <title>undefined undefined</title>
                    <attachments/>
                    <steps/>
                </step>
            </steps>
            <attachments/>
            <failure>
                <message>waitUntil condition timed out after 10000ms</message>
                <stack-trace>Error: waitUntil condition timed out after 10000ms
                    at G:\javascript automation\wdio-test-framework\node_modules\webdriverio\build\commands\browser\waitUntil.js:37:13
                    at async Browser.runCommandWithHooks (G:\javascript automation\wdio-test-framework\node_modules\@wdio\sync\build\wrapCommand.js:88:21)
                    at Browser.runCommandWithHooks (G:\javascript automation\wdio-test-framework\node_modules\@wdio\sync\build\wrapCommand.js:82:22)
                    at Browser.wrapCommandFn (G:\javascript automation\wdio-test-framework\node_modules\@wdio\sync\build\wrapCommand.js:59:40)
                    at ElementUtil.doGetPageTitle (G:\javascript automation\wdio-test-framework\util\element.util.js:25:17)
                    at LoginPage.getPageTitle (G:\javascript automation\wdio-test-framework\src\pages\login.page.js:9:28)
                    at Context.&lt;anonymous> (G:\javascript automation\wdio-test-framework\src\test\specs\login.test.js:15:33)
                    at Context.executeSync (G:\javascript automation\wdio-test-framework\node_modules\@wdio\sync\build\index.js:56:18)
                    at G:\javascript automation\wdio-test-framework\node_modules\@wdio\sync\build\index.js:82:70</stack-trace>
            </failure>
        </test-case>
        <test-case start='1586252786402' status='broken' stop='1586252787500'>
            <name>verify sign up link</name>
            <title>verify sign up link</title>
            <labels>
                <label name='language' value='javascript'/>
                <label name='framework' value='wdio'/>
                <label name='thread' value='0-1'/>
            </labels>
            <parameters>
                <parameter kind='argument' name='browser' value='Chrome-10.0.18362'/>
            </parameters>
            <steps>
                <step start='1586252786408' status='passed' stop='1586252787179'>
                    <name>undefined undefined</name>
                    <title>undefined undefined</title>
                    <attachments/>
                    <steps/>
                </step>
                <step start='1586252787184' status='passed' stop='1586252787500'>
                    <name>undefined undefined</name>
                    <title>undefined undefined</title>
                    <attachments/>
                    <steps/>
                </step>
            </steps>
            <attachments/>
            <failure>
                <message>assert is not defined</message>
                <stack-trace>ReferenceError: assert is not defined
                    at Context.&lt;anonymous> (G:\javascript automation\wdio-test-framework\src\test\specs\login.test.js:22:9)
                    at Context.executeSync (G:\javascript automation\wdio-test-framework\node_modules\@wdio\sync\build\index.js:56:18)
                    at G:\javascript automation\wdio-test-framework\node_modules\@wdio\sync\build\index.js:82:70</stack-trace>
            </failure>
        </test-case>
        <test-case start='1586252787500' status='broken' stop='1586252789438'>
            <name>verify login</name>
            <title>verify login</title>
            <labels>
                <label name='language' value='javascript'/>
                <label name='framework' value='wdio'/>
                <label name='thread' value='0-1'/>
            </labels>
            <parameters>
                <parameter kind='argument' name='browser' value='Chrome-10.0.18362'/>
            </parameters>
            <steps>
                <step start='1586252787505' status='broken' stop='1586252789438'>
                    <name>undefined undefined</name>
                    <title>undefined undefined</title>
                    <attachments/>
                    <steps>
                        <step start='1586252789090' status='passed' stop='1586252789437'>
                            <name>undefined undefined</name>
                            <title>undefined undefined</title>
                            <attachments/>
                            <steps/>
                        </step>
                    </steps>
                </step>
            </steps>
            <attachments/>
            <failure>
                <message>net::ERR_ABORTED at https://app.hubspot.com/</message>
                <stack-trace>net::ERR_ABORTED at https://app.hubspot.com/
                    at Frame.&lt;anonymous> (G:\javascript automation\wdio-test-framework\node_modules\puppeteer-core\lib\helper.js:111:15)
                    at Page.goto (G:\javascript automation\wdio-test-framework\node_modules\puppeteer-core\lib\Page.js:672:49)
                    at Page.&lt;anonymous> (G:\javascript automation\wdio-test-framework\node_modules\puppeteer-core\lib\helper.js:112:23)
                    at DevToolsDriver.navigateTo (G:\javascript automation\wdio-test-framework\node_modules\devtools\build\commands\navigateTo.js:13:14)
                    at Browser.wrappedCommand (G:\javascript automation\wdio-test-framework\node_modules\devtools\build\devtoolsdriver.js:92:47)
                    at runMicrotasks (&lt;anonymous>)
                    at processTicksAndRejections (internal/process/task_queues.js:97:5)
                    at async Browser.runCommandWithHooks (G:\javascript automation\wdio-test-framework\node_modules\@wdio\sync\build\wrapCommand.js:88:21)
                    at Browser.runCommandWithHooks (G:\javascript automation\wdio-test-framework\node_modules\@wdio\sync\build\wrapCommand.js:82:22)
                    at Browser.wrapCommandFn (G:\javascript automation\wdio-test-framework\node_modules\@wdio\sync\build\wrapCommand.js:59:40)
                    at Context.&lt;anonymous> (G:\javascript automation\wdio-test-framework\src\test\specs\login.test.js:26:17)
                    at Context.executeSync (G:\javascript automation\wdio-test-framework\node_modules\@wdio\sync\build\index.js:56:18)
                    at G:\javascript automation\wdio-test-framework\node_modules\@wdio\sync\build\index.js:82:70</stack-trace>
            </failure>
        </test-case>
        <test-case start='1586252789438' status='passed' stop='1586252789514'>
            <name>get data from sheet</name>
            <title>get data from sheet</title>
            <labels>
                <label name='language' value='javascript'/>
                <label name='framework' value='wdio'/>
                <label name='thread' value='0-1'/>
            </labels>
            <parameters>
                <parameter kind='argument' name='browser' value='Chrome-10.0.18362'/>
            </parameters>
            <steps/>
            <attachments/>
        </test-case>
    </test-cases>
</ns2:test-suite>