<?xml version='1.0'?>
<ns2:test-suite xmlns:ns2='urn:model.allure.qatools.yandex.ru' start='1585558599506' stop='1585558614828'>
    <name>login page feature test</name>
    <title>login page feature test</title>
    <test-cases>
        <test-case start='1585558599506' status='broken' stop='1585558604073'>
            <name>verify login page title</name>
            <title>verify login page title</title>
            <labels>
                <label name='language' value='javascript'/>
                <label name='framework' value='wdio'/>
                <label name='thread' value='0-0'/>
            </labels>
            <parameters>
                <parameter kind='argument' name='browser' value='Chrome-10.0.18362'/>
            </parameters>
            <steps>
                <step start='1585558599558' status='broken' stop='1585558604073'>
                    <name>undefined undefined</name>
                    <title>undefined undefined</title>
                    <attachments/>
                    <steps>
                        <step start='1585558603713' status='passed' stop='1585558604071'>
                            <name>undefined undefined</name>
                            <title>undefined undefined</title>
                            <attachments/>
                            <steps/>
                        </step>
                    </steps>
                </step>
            </steps>
            <attachments/>
            <failure>
                <message>net::ERR_NAME_NOT_RESOLVED at https://app.hubspot/</message>
                <stack-trace>net::ERR_NAME_NOT_RESOLVED at https://app.hubspot/
                    at Frame.&lt;anonymous> (G:\javascript automation\New folder\wdio-test-framework\node_modules\puppeteer-core\lib\helper.js:111:15)
                    at Page.goto (G:\javascript automation\New folder\wdio-test-framework\node_modules\puppeteer-core\lib\Page.js:672:49)
                    at Page.&lt;anonymous> (G:\javascript automation\New folder\wdio-test-framework\node_modules\puppeteer-core\lib\helper.js:112:23)
                    at DevToolsDriver.navigateTo (G:\javascript automation\New folder\wdio-test-framework\node_modules\devtools\build\commands\navigateTo.js:13:14)
                    at Browser.wrappedCommand (G:\javascript automation\New folder\wdio-test-framework\node_modules\devtools\build\devtoolsdriver.js:92:47)
                    at processTicksAndRejections (internal/process/task_queues.js:97:5)
                    at async Browser.runCommandWithHooks (G:\javascript automation\New folder\wdio-test-framework\node_modules\@wdio\sync\build\wrapCommand.js:88:21)
                    at Browser.runCommandWithHooks (G:\javascript automation\New folder\wdio-test-framework\node_modules\@wdio\sync\build\wrapCommand.js:82:22)
                    at Browser.wrapCommandFn (G:\javascript automation\New folder\wdio-test-framework\node_modules\@wdio\sync\build\wrapCommand.js:59:40)
                    at Context.&lt;anonymous> (G:\javascript automation\New folder\wdio-test-framework\src\test\specs\login.test.js:8:17)
                    at Context.executeSync (G:\javascript automation\New folder\wdio-test-framework\node_modules\@wdio\sync\build\index.js:56:18)
                    at G:\javascript automation\New folder\wdio-test-framework\node_modules\@wdio\sync\build\index.js:82:70</stack-trace>
            </failure>
        </test-case>
        <test-case start='1585558604074' status='broken' stop='1585558604385'>
            <name>verify sign up link</name>
            <title>verify sign up link</title>
            <labels>
                <label name='language' value='javascript'/>
                <label name='framework' value='wdio'/>
                <label name='thread' value='0-0'/>
            </labels>
            <parameters>
                <parameter kind='argument' name='browser' value='Chrome-10.0.18362'/>
            </parameters>
            <steps>
                <step start='1585558604078' status='passed' stop='1585558604385'>
                    <name>undefined undefined</name>
                    <title>undefined undefined</title>
                    <attachments/>
                    <steps/>
                </step>
            </steps>
            <attachments/>
            <failure>
                <message>assert is not defined</message>
                <stack-trace>ReferenceError: assert is not defined
                    at Context.&lt;anonymous> (G:\javascript automation\New folder\wdio-test-framework\src\test\specs\login.test.js:15:9)
                    at Context.executeSync (G:\javascript automation\New folder\wdio-test-framework\node_modules\@wdio\sync\build\index.js:56:18)
                    at G:\javascript automation\New folder\wdio-test-framework\node_modules\@wdio\sync\build\index.js:82:70</stack-trace>
            </failure>
        </test-case>
        <test-case start='1585558604386' status='broken' stop='1585558614827'>
            <name>verify login</name>
            <title>verify login</title>
            <labels>
                <label name='language' value='javascript'/>
                <label name='framework' value='wdio'/>
                <label name='thread' value='0-0'/>
            </labels>
            <parameters>
                <parameter kind='argument' name='browser' value='Chrome-10.0.18362'/>
            </parameters>
            <steps>
                <step start='1585558604393' status='passed' stop='1585558604398'>
                    <name>undefined undefined</name>
                    <title>undefined undefined</title>
                    <attachments/>
                    <steps/>
                </step>
                <step start='1585558604411' status='passed' stop='1585558604413'>
                    <name>undefined undefined</name>
                    <title>undefined undefined</title>
                    <attachments/>
                    <steps/>
                </step>
                <step start='1585558604912' status='passed' stop='1585558604913'>
                    <name>undefined undefined</name>
                    <title>undefined undefined</title>
                    <attachments/>
                    <steps/>
                </step>
                <step start='1585558605412' status='passed' stop='1585558605413'>
                    <name>undefined undefined</name>
                    <title>undefined undefined</title>
                    <attachments/>
                    <steps/>
                </step>
                <step start='1585558605911' status='passed' stop='1585558605913'>
                    <name>undefined undefined</name>
                    <title>undefined undefined</title>
                    <attachments/>
                    <steps/>
                </step>
                <step start='1585558606412' status='passed' stop='1585558606414'>
                    <name>undefined undefined</name>
                    <title>undefined undefined</title>
                    <attachments/>
                    <steps/>
                </step>
                <step start='1585558606910' status='passed' stop='1585558606912'>
                    <name>undefined undefined</name>
                    <title>undefined undefined</title>
                    <attachments/>
                    <steps/>
                </step>
                <step start='1585558607410' status='passed' stop='1585558607411'>
                    <name>undefined undefined</name>
                    <title>undefined undefined</title>
                    <attachments/>
                    <steps/>
                </step>
                <step start='1585558607912' status='passed' stop='1585558607914'>
                    <name>undefined undefined</name>
                    <title>undefined undefined</title>
                    <attachments/>
                    <steps/>
                </step>
                <step start='1585558608410' status='passed' stop='1585558608412'>
                    <name>undefined undefined</name>
                    <title>undefined undefined</title>
                    <attachments/>
                    <steps/>
                </step>
                <step start='1585558608911' status='passed' stop='1585558608913'>
                    <name>undefined undefined</name>
                    <title>undefined undefined</title>
                    <attachments/>
                    <steps/>
                </step>
                <step start='1585558609412' status='passed' stop='1585558609413'>
                    <name>undefined undefined</name>
                    <title>undefined undefined</title>
                    <attachments/>
                    <steps/>
                </step>
                <step start='1585558609912' status='passed' stop='1585558609913'>
                    <name>undefined undefined</name>
                    <title>undefined undefined</title>
                    <attachments/>
                    <steps/>
                </step>
                <step start='1585558610410' status='passed' stop='1585558610412'>
                    <name>undefined undefined</name>
                    <title>undefined undefined</title>
                    <attachments/>
                    <steps/>
                </step>
                <step start='1585558610913' status='passed' stop='1585558610915'>
                    <name>undefined undefined</name>
                    <title>undefined undefined</title>
                    <attachments/>
                    <steps/>
                </step>
                <step start='1585558611411' status='passed' stop='1585558611412'>
                    <name>undefined undefined</name>
                    <title>undefined undefined</title>
                    <attachments/>
                    <steps/>
                </step>
                <step start='1585558611912' status='passed' stop='1585558611914'>
                    <name>undefined undefined</name>
                    <title>undefined undefined</title>
                    <attachments/>
                    <steps/>
                </step>
                <step start='1585558612412' status='passed' stop='1585558612414'>
                    <name>undefined undefined</name>
                    <title>undefined undefined</title>
                    <attachments/>
                    <steps/>
                </step>
                <step start='1585558612912' status='passed' stop='1585558612914'>
                    <name>undefined undefined</name>
                    <title>undefined undefined</title>
                    <attachments/>
                    <steps/>
                </step>
                <step start='1585558613411' status='passed' stop='1585558613412'>
                    <name>undefined undefined</name>
                    <title>undefined undefined</title>
                    <attachments/>
                    <steps/>
                </step>
                <step start='1585558613911' status='passed' stop='1585558613913'>
                    <name>undefined undefined</name>
                    <title>undefined undefined</title>
                    <attachments/>
                    <steps/>
                </step>
                <step start='1585558614413' status='passed' stop='1585558614826'>
                    <name>undefined undefined</name>
                    <title>undefined undefined</title>
                    <attachments/>
                    <steps/>
                </step>
            </steps>
            <attachments/>
            <failure>
                <message>element ("#username") still not displayed after 10000ms</message>
                <stack-trace>Error: element ("#username") still not displayed after 10000ms
                    at G:\javascript automation\New folder\wdio-test-framework\node_modules\webdriverio\build\commands\browser\waitUntil.js:34:15
                    at async Element.elementErrorHandlerCallbackFn (G:\javascript automation\New folder\wdio-test-framework\node_modules\webdriverio\build\middlewares.js:21:24)
                    at async Element.runCommandWithHooks (G:\javascript automation\New folder\wdio-test-framework\node_modules\@wdio\sync\build\wrapCommand.js:88:21)
                    at Element.runCommandWithHooks (G:\javascript automation\New folder\wdio-test-framework\node_modules\@wdio\sync\build\wrapCommand.js:82:22)
                    at Element.wrapCommandFn (G:\javascript automation\New folder\wdio-test-framework\node_modules\@wdio\sync\build\wrapCommand.js:59:40)
                    at Element.elementErrorHandlerCallback (G:\javascript automation\New folder\wdio-test-framework\node_modules\webdriverio\build\middlewares.js:40:8)
                    at Element.waitForDisplayed (G:\javascript automation\New folder\wdio-test-framework\node_modules\webdriverio\build\commands\element\waitForDisplayed.js:14:15)
                    at Element.wrapCommandFn (G:\javascript automation\New folder\wdio-test-framework\node_modules\@wdio\sync\build\wrapCommand.js:54:17)
                    at Element.elementErrorHandlerCallbackFn (G:\javascript automation\New folder\wdio-test-framework\node_modules\webdriverio\build\middlewares.js:21:57)
                    at processTicksAndRejections (internal/process/task_queues.js:97:5)
                    at ElementUtil.doSetValue (G:\javascript automation\New folder\wdio-test-framework\util\elementUtil.js:8:17)
                    at LoginPage.doLogin (G:\javascript automation\New folder\wdio-test-framework\src\pages\login.page.js:16:21)
                    at Context.&lt;anonymous> (G:\javascript automation\New folder\wdio-test-framework\src\test\specs\login.test.js:18:19)
                    at Context.executeSync (G:\javascript automation\New folder\wdio-test-framework\node_modules\@wdio\sync\build\index.js:56:18)
                    at G:\javascript automation\New folder\wdio-test-framework\node_modules\@wdio\sync\build\index.js:82:70</stack-trace>
            </failure>
        </test-case>
    </test-cases>
</ns2:test-suite>