<?xml version='1.0'?>
<ns2:test-suite xmlns:ns2='urn:model.allure.qatools.yandex.ru' start='1585558645816' stop='1585558697236'>
    <name>login page feature test</name>
    <title>login page feature test</title>
    <test-cases>
        <test-case start='1585558645816' status='broken' stop='1585558653136'>
            <name>verify login page title</name>
            <title>verify login page title</title>
            <labels>
                <label name='language' value='javascript'/>
                <label name='framework' value='wdio'/>
                <label name='thread' value='0-0'/>
            </labels>
            <parameters>
                <parameter kind='argument' name='browser' value='Chrome-10.0.18362'/>
            </parameters>
            <steps>
                <step start='1585558645861' status='passed' stop='1585558652684'>
                    <name>undefined undefined</name>
                    <title>undefined undefined</title>
                    <attachments/>
                    <steps/>
                </step>
                <step start='1585558652703' status='passed' stop='1585558653134'>
                    <name>undefined undefined</name>
                    <title>undefined undefined</title>
                    <attachments/>
                    <steps/>
                </step>
            </steps>
            <attachments/>
            <failure>
                <message>assert is not defined</message>
                <stack-trace>ReferenceError: assert is not defined
                    at Context.&lt;anonymous> (G:\javascript automation\New folder\wdio-test-framework\src\test\specs\login.test.js:12:9)
                    at Context.executeSync (G:\javascript automation\New folder\wdio-test-framework\node_modules\@wdio\sync\build\index.js:56:18)
                    at G:\javascript automation\New folder\wdio-test-framework\node_modules\@wdio\sync\build\index.js:82:70</stack-trace>
            </failure>
        </test-case>
        <test-case start='1585558653136' status='broken' stop='1585558653492'>
            <name>verify sign up link</name>
            <title>verify sign up link</title>
            <labels>
                <label name='language' value='javascript'/>
                <label name='framework' value='wdio'/>
                <label name='thread' value='0-0'/>
            </labels>
            <parameters>
                <parameter kind='argument' name='browser' value='Chrome-10.0.18362'/>
            </parameters>
            <steps>
                <step start='1585558653141' status='passed' stop='1585558653491'>
                    <name>undefined undefined</name>
                    <title>undefined undefined</title>
                    <attachments/>
                    <steps/>
                </step>
            </steps>
            <attachments/>
            <failure>
                <message>assert is not defined</message>
                <stack-trace>ReferenceError: assert is not defined
                    at Context.&lt;anonymous> (G:\javascript automation\New folder\wdio-test-framework\src\test\specs\login.test.js:15:9)
                    at Context.executeSync (G:\javascript automation\New folder\wdio-test-framework\node_modules\@wdio\sync\build\index.js:56:18)
                    at G:\javascript automation\New folder\wdio-test-framework\node_modules\@wdio\sync\build\index.js:82:70</stack-trace>
            </failure>
        </test-case>
        <test-case start='1585558653492' status='broken' stop='1585558697234'>
            <name>verify login</name>
            <title>verify login</title>
            <labels>
                <label name='language' value='javascript'/>
                <label name='framework' value='wdio'/>
                <label name='thread' value='0-0'/>
            </labels>
            <parameters>
                <parameter kind='argument' name='browser' value='Chrome-10.0.18362'/>
            </parameters>
            <steps>
                <step start='1585558653500' status='passed' stop='1585558653506'>
                    <name>undefined undefined</name>
                    <title>undefined undefined</title>
                    <attachments/>
                    <steps/>
                </step>
                <step start='1585558653522' status='passed' stop='1585558653523'>
                    <name>undefined undefined</name>
                    <title>undefined undefined</title>
                    <attachments/>
                    <steps/>
                </step>
                <step start='1585558654022' status='passed' stop='1585558654024'>
                    <name>undefined undefined</name>
                    <title>undefined undefined</title>
                    <attachments/>
                    <steps/>
                </step>
                <step start='1585558654520' status='passed' stop='1585558654521'>
                    <name>undefined undefined</name>
                    <title>undefined undefined</title>
                    <attachments/>
                    <steps/>
                </step>
                <step start='1585558656291' status='passed' stop='1585558656296'>
                    <name>undefined undefined</name>
                    <title>undefined undefined</title>
                    <attachments/>
                    <steps/>
                </step>
                <step start='1585558656303' status='passed' stop='1585558656305'>
                    <name>undefined undefined</name>
                    <title>undefined undefined</title>
                    <attachments/>
                    <steps/>
                </step>
                <step start='1585558656312' status='passed' stop='1585558656313'>
                    <name>undefined undefined</name>
                    <title>undefined undefined</title>
                    <attachments/>
                    <steps/>
                </step>
                <step start='1585558656520' status='passed' stop='1585558656522'>
                    <name>undefined undefined</name>
                    <title>undefined undefined</title>
                    <attachments/>
                    <steps/>
                </step>
                <step start='1585558657021' status='passed' stop='1585558657022'>
                    <name>undefined undefined</name>
                    <title>undefined undefined</title>
                    <attachments/>
                    <steps/>
                </step>
                <step start='1585558657521' status='passed' stop='1585558657522'>
                    <name>undefined undefined</name>
                    <title>undefined undefined</title>
                    <attachments/>
                    <steps/>
                </step>
                <step start='1585558658021' status='passed' stop='1585558658023'>
                    <name>undefined undefined</name>
                    <title>undefined undefined</title>
                    <attachments/>
                    <steps/>
                </step>
                <step start='1585558658521' status='passed' stop='1585558658522'>
                    <name>undefined undefined</name>
                    <title>undefined undefined</title>
                    <attachments/>
                    <steps/>
                </step>
                <step start='1585558659021' status='passed' stop='1585558659023'>
                    <name>undefined undefined</name>
                    <title>undefined undefined</title>
                    <attachments/>
                    <steps/>
                </step>
                <step start='1585558659522' status='passed' stop='1585558659524'>
                    <name>undefined undefined</name>
                    <title>undefined undefined</title>
                    <attachments/>
                    <steps/>
                </step>
                <step start='1585558696814' status='passed' stop='1585558697233'>
                    <name>undefined undefined</name>
                    <title>undefined undefined</title>
                    <attachments/>
                    <steps>
                        <step start='1585558696844' status='passed' stop='1585558696858'>
                            <name>undefined undefined</name>
                            <title>undefined undefined</title>
                            <attachments/>
                            <steps/>
                        </step>
                        <step start='1585558696892' status='passed' stop='1585558696908'>
                            <name>undefined undefined</name>
                            <title>undefined undefined</title>
                            <attachments/>
                            <steps/>
                        </step>
                    </steps>
                </step>
            </steps>
            <attachments/>
            <failure>
                <message>element ("#username") still not displayed after 10000ms</message>
                <stack-trace>Error: element ("#username") still not displayed after 10000ms
                    at G:\javascript automation\New folder\wdio-test-framework\node_modules\webdriverio\build\commands\browser\waitUntil.js:34:15
                    at async Element.elementErrorHandlerCallbackFn (G:\javascript automation\New folder\wdio-test-framework\node_modules\webdriverio\build\middlewares.js:21:24)
                    at async Element.runCommandWithHooks (G:\javascript automation\New folder\wdio-test-framework\node_modules\@wdio\sync\build\wrapCommand.js:88:21)
                    at Element.runCommandWithHooks (G:\javascript automation\New folder\wdio-test-framework\node_modules\@wdio\sync\build\wrapCommand.js:82:22)
                    at Element.wrapCommandFn (G:\javascript automation\New folder\wdio-test-framework\node_modules\@wdio\sync\build\wrapCommand.js:59:40)
                    at Element.elementErrorHandlerCallback (G:\javascript automation\New folder\wdio-test-framework\node_modules\webdriverio\build\middlewares.js:40:8)
                    at Element.waitForDisplayed (G:\javascript automation\New folder\wdio-test-framework\node_modules\webdriverio\build\commands\element\waitForDisplayed.js:14:15)
                    at Element.wrapCommandFn (G:\javascript automation\New folder\wdio-test-framework\node_modules\@wdio\sync\build\wrapCommand.js:54:17)
                    at Element.elementErrorHandlerCallbackFn (G:\javascript automation\New folder\wdio-test-framework\node_modules\webdriverio\build\middlewares.js:21:57)
                    at processTicksAndRejections (internal/process/task_queues.js:97:5)
                    at ElementUtil.doSetValue (G:\javascript automation\New folder\wdio-test-framework\util\elementUtil.js:8:17)
                    at LoginPage.doLogin (G:\javascript automation\New folder\wdio-test-framework\src\pages\login.page.js:16:21)
                    at Context.&lt;anonymous> (G:\javascript automation\New folder\wdio-test-framework\src\test\specs\login.test.js:18:19)
                    at Context.executeSync (G:\javascript automation\New folder\wdio-test-framework\node_modules\@wdio\sync\build\index.js:56:18)
                    at G:\javascript automation\New folder\wdio-test-framework\node_modules\@wdio\sync\build\index.js:82:70</stack-trace>
            </failure>
        </test-case>
    </test-cases>
</ns2:test-suite>